生成启动时间为 2017/9/6 星期三 下午 10:55:59。
     1>项目“E:\C++Projects\vs2010Proj\Socket Programing\server\server\server.vcxproj”在节点 2 上(build 个目标)。
     1>InitializeBuildStatus:
         正在创建“Debug\server.unsuccessfulbuild”，因为已指定“AlwaysCreate”。
       ClCompile:
         C:\Program Files (x86)\Microsoft Visual Studio 10.0\VC\bin\CL.exe /c /ZI /nologo /W3 /WX- /Od /Oy- /D WIN32 /D _DEBUG /D _CONSOLE /D _UNICODE /D UNICODE /Gm /EHsc /RTC1 /MDd /GS /fp:precise /Zc:wchar_t /Zc:forScope /Fo"Debug\\" /Fd"Debug\vc100.pdb" /Gd /TP /analyze- /errorReport:prompt server.cpp
         server.cpp
     1>e:\c++projects\vs2010proj\socket programing\server\server\server.cpp(142): warning C4996: 'sscanf': This function or variable may be unsafe. Consider using sscanf_s instead. To disable deprecation, use _CRT_SECURE_NO_WARNINGS. See online help for details.
                 c:\program files (x86)\microsoft visual studio 10.0\vc\include\stdio.h(325) : 参见“sscanf”的声明
     1>e:\c++projects\vs2010proj\socket programing\server\server\server.cpp(186): warning C4018: “<”: 有符号/无符号不匹配
       Link:
         C:\Program Files (x86)\Microsoft Visual Studio 10.0\VC\bin\link.exe /ERRORREPORT:PROMPT /OUT:"E:\C++Projects\vs2010Proj\Socket Programing\server\Debug\server.exe" /INCREMENTAL /NOLOGO kernel32.lib user32.lib gdi32.lib winspool.lib comdlg32.lib advapi32.lib shell32.lib ole32.lib oleaut32.lib uuid.lib odbc32.lib odbccp32.lib /MANIFEST /ManifestFile:"Debug\server.exe.intermediate.manifest" /MANIFESTUAC:"level='asInvoker' uiAccess='false'" /DEBUG /PDB:"E:\C++Projects\vs2010Proj\Socket Programing\server\Debug\server.pdb" /SUBSYSTEM:CONSOLE /TLBID:1 /DYNAMICBASE /NXCOMPAT /IMPLIB:"E:\C++Projects\vs2010Proj\Socket Programing\server\Debug\server.lib" /MACHINE:X86 Debug\server.obj
         Debug\server_UDP.obj
         server.vcxproj -> E:\C++Projects\vs2010Proj\Socket Programing\server\Debug\server.exe
       Manifest:
         C:\Program Files (x86)\Microsoft SDKs\Windows\v7.0A\bin\mt.exe /nologo /verbose /out:"E:\C++Projects\vs2010Proj\Socket Programing\server\Debug\server.exe.manifest" /manifest Debug\server.exe.intermediate.manifest
       FinalizeBuildStatus:
         正在删除文件“Debug\server.unsuccessfulbuild”。
         正在对“Debug\server.lastbuildstate”执行 Touch 任务。
     1>已完成生成项目“E:\C++Projects\vs2010Proj\Socket Programing\server\server\server.vcxproj”(build 个目标)的操作。

生成成功。

已用时间 00:00:01.98
